Using pre-set license
Built from '2020.3/release' branch; Version is '2020.3.1f1 (77a89f25062f) revision 7841951'; Using compiler version '192528614'; Build Type 'Release'
OS: 'Windows 10 Pro; OS build 19043.1110; Version 2009; 64bit' Language: 'en' Physical Memory: 16326 MB
BatchMode: 1, IsHumanControllingUs: 0, StartBugReporterOnCrash: 0, Is64bit: 1, IsPro: 0

 COMMAND LINE ARGUMENTS:
C:\Program Files\Unity\Hub\Editor\2020.3.1f1\Editor\Unity.exe
-adb2
-batchMode
-noUpm
-name
AssetImportWorker0
-projectPath
C:/Users/serve/Documents/GitHub/CardExample-Unity
-logFile
Logs/AssetImportWorker0.log
-srvPort
60824
Successfully changed project path to: C:/Users/serve/Documents/GitHub/CardExample-Unity
C:/Users/serve/Documents/GitHub/CardExample-Unity
Using Asset Import Pipeline V2.
Platform WindowsStandaloneSupport does not support graphics device type 

Refreshing native plugins compatible for Editor in 33.14 ms, found 0 plugins.
Preloading 0 native plugins for Editor in 0.00 ms.
Initialize engine version: 2020.3.1f1 (77a89f25062f)
[Subsystems] Discovering subsystems at path C:/Program Files/Unity/Hub/Editor/2020.3.1f1/Editor/Data/Resources/UnitySubsystems
[Subsystems] Discovering subsystems at path C:/Users/serve/Documents/GitHub/CardExample-Unity/Assets
GfxDevice: creating device client; threaded=0
Direct3D:
    Version:  Direct3D 11.0 [level 11.1]
    Renderer: NVIDIA GeForce GTX 1050 Ti (ID=0x1c82)
    Vendor:   
    VRAM:     4018 MB
    Driver:   30.0.14.7141
Initialize mono
Mono path[0] = 'C:/Program Files/Unity/Hub/Editor/2020.3.1f1/Editor/Data/Managed'
Mono path[1] = 'C:/Program Files/Unity/Hub/Editor/2020.3.1f1/Editor/Data/MonoBleedingEdge/lib/mono/unityjit'
Mono config path = 'C:/Program Files/Unity/Hub/Editor/2020.3.1f1/Editor/Data/MonoBleedingEdge/etc'
Using monoOptions --debugger-agent=transport=dt_socket,embedding=1,server=y,suspend=n,address=127.0.0.1:56036
Begin MonoManager ReloadAssembly
Registering precompiled unity dll's ...
Register platform support module: C:/Program Files/Unity/Hub/Editor/2020.3.1f1/Editor/Data/PlaybackEngines/WindowsStandaloneSupport/UnityEditor.WindowsStandalone.Extensions.dll
Registered in 0.003544 seconds.
Native extension for WindowsStandalone target not found
Refreshing native plugins compatible for Editor in 33.67 ms, found 0 plugins.
Preloading 0 native plugins for Editor in 0.00 ms.
Invoked RoslynAnalysisRunner static constructor.
RoslynAnalysisRunner will not be running.
RoslynAnalysisRunner has terminated.
Mono: successfully reloaded assembly
- Completed reload, in  1.430 seconds
Platform modules already initialized, skipping
Registering precompiled user dll's ...
Registered in 0.000973 seconds.
Begin MonoManager ReloadAssembly
Native extension for WindowsStandalone target not found
Refreshing native plugins compatible for Editor in 0.23 ms, found 0 plugins.
Preloading 0 native plugins for Editor in 0.00 ms.
Invoked RoslynAnalysisRunner static constructor.
RoslynAnalysisRunner will not be running.
RoslynAnalysisRunner has terminated.
Mono: successfully reloaded assembly
- Completed reload, in  1.024 seconds
Platform modules already initialized, skipping
========================================================================
Worker process is ready to serve import requests
Platform WindowsStandaloneSupport does not support graphics device type 

Launched and connected shader compiler UnityShaderCompiler.exe after 0.07 seconds
Refreshing native plugins compatible for Editor in 0.25 ms, found 0 plugins.
Preloading 0 native plugins for Editor in 0.00 ms.
Unloading 1124 Unused Serialized files (Serialized files now loaded: 0)
System memory in use before: 57.4 MB.
System memory in use after: 57.4 MB.

Unloading 9 unused Assets to reduce memory usage. Loaded Objects now: 1567.
Total: 2.036700 ms (FindLiveObjects: 0.145900 ms CreateObjectMapping: 0.046300 ms MarkObjects: 1.760200 ms  DeleteObjects: 0.082200 ms)

========================================================================
Received Import Request.
  path: Assets/CardFramework
  artifactKey: Guid(c00db3d6ab422413ea019cea81c184c7) Importer(815301076,1909f56bfc062723c751e8b465ee728b)
Start importing Assets/CardFramework using Guid(c00db3d6ab422413ea019cea81c184c7) Importer(815301076,1909f56bfc062723c751e8b465ee728b)  -> (artifact id: '937b4ea8469626ffe442e66b45b85600') in 0.012252 seconds
  Import took 0.015078 seconds .

========================================================================
Received Import Request.
  Time since last request: 9.545055 seconds.
  path: Assets/CardFramework/Scripts
  artifactKey: Guid(60bb8722bdb1f44449c833f39c755c98) Importer(815301076,1909f56bfc062723c751e8b465ee728b)
Start importing Assets/CardFramework/Scripts using Guid(60bb8722bdb1f44449c833f39c755c98) Importer(815301076,1909f56bfc062723c751e8b465ee728b)  -> (artifact id: 'ca543991a11c0450643f33c18dcbd30a') in 0.013332 seconds
  Import took 0.015717 seconds .

========================================================================
Received Import Request.
  Time since last request: 3.566179 seconds.
  path: Assets/CardFramework/Scripts/UI
  artifactKey: Guid(6749bf1e56828449f8731324944aafdc) Importer(815301076,1909f56bfc062723c751e8b465ee728b)
Start importing Assets/CardFramework/Scripts/UI using Guid(6749bf1e56828449f8731324944aafdc) Importer(815301076,1909f56bfc062723c751e8b465ee728b)  -> (artifact id: '58a873d442de859e1928d6d3794072fd') in 0.013592 seconds
  Import took 0.015773 seconds .

========================================================================
Received Import Request.
  Time since last request: 2.518013 seconds.
  path: Assets/CardFramework/Scripts/UI/DealerUI.cs
  artifactKey: Guid(0d2e86430c624443fbab789b7c9173fc) Importer(815301076,1909f56bfc062723c751e8b465ee728b)
Start importing Assets/CardFramework/Scripts/UI/DealerUI.cs using Guid(0d2e86430c624443fbab789b7c9173fc) Importer(815301076,1909f56bfc062723c751e8b465ee728b)  -> (artifact id: 'ded8b2a7420c0af09e58032acff05299') in 0.056444 seconds
  Import took 0.058621 seconds .

========================================================================
Received Import Request.
  Time since last request: 60.290134 seconds.
  path: Assets/CardFramework/Scenes
  artifactKey: Guid(c4b059f3d11c1433ab60aff1eaefae4b) Importer(815301076,1909f56bfc062723c751e8b465ee728b)
Start importing Assets/CardFramework/Scenes using Guid(c4b059f3d11c1433ab60aff1eaefae4b) Importer(815301076,1909f56bfc062723c751e8b465ee728b)  -> (artifact id: '9483d8b4636a1b1e1991860c71e4cc51') in 0.016719 seconds
  Import took 0.018943 seconds .

========================================================================
Received Import Request.
  Time since last request: 1.857755 seconds.
  path: Assets/CardFramework/Scenes/Shuffle.unity
  artifactKey: Guid(52e9814997f4f4a4c80172145ca1dc46) Importer(815301076,1909f56bfc062723c751e8b465ee728b)
Start importing Assets/CardFramework/Scenes/Shuffle.unity using Guid(52e9814997f4f4a4c80172145ca1dc46) Importer(815301076,1909f56bfc062723c751e8b465ee728b)  -> (artifact id: '9395eeceacfaa0d062ef83c97f164b04') in 0.021168 seconds
  Import took 0.023349 seconds .

========================================================================
Received Prepare
Platform WindowsStandaloneSupport does not support graphics device type 

Registering precompiled user dll's ...
Registered in 0.000959 seconds.
Begin MonoManager ReloadAssembly
Native extension for WindowsStandalone target not found
Refreshing native plugins compatible for Editor in 0.26 ms, found 0 plugins.
Preloading 0 native plugins for Editor in 0.00 ms.
Invoked RoslynAnalysisRunner static constructor.
RoslynAnalysisRunner will not be running.
RoslynAnalysisRunner has terminated.
Mono: successfully reloaded assembly
- Completed reload, in  1.314 seconds
Platform modules already initialized, skipping
Refreshing native plugins compatible for Editor in 0.28 ms, found 0 plugins.
Preloading 0 native plugins for Editor in 0.00 ms.
Unloading 1118 Unused Serialized files (Serialized files now loaded: 0)
System memory in use before: 57.1 MB.
System memory in use after: 57.2 MB.

Unloading 4 unused Assets to reduce memory usage. Loaded Objects now: 1570.
Total: 1.675900 ms (FindLiveObjects: 0.143900 ms CreateObjectMapping: 0.042000 ms MarkObjects: 1.458000 ms  DeleteObjects: 0.030400 ms)

========================================================================
Received Prepare
Platform WindowsStandaloneSupport does not support graphics device type 

Registering precompiled user dll's ...
Registered in 0.002320 seconds.
Begin MonoManager ReloadAssembly
Native extension for WindowsStandalone target not found
Refreshing native plugins compatible for Editor in 0.61 ms, found 0 plugins.
Preloading 0 native plugins for Editor in 0.00 ms.
Invoked RoslynAnalysisRunner static constructor.
RoslynAnalysisRunner will not be running.
RoslynAnalysisRunner has terminated.
Mono: successfully reloaded assembly
- Completed reload, in  1.257 seconds
Platform modules already initialized, skipping
Refreshing native plugins compatible for Editor in 0.27 ms, found 0 plugins.
Preloading 0 native plugins for Editor in 0.00 ms.
Unloading 1118 Unused Serialized files (Serialized files now loaded: 0)
System memory in use before: 57.2 MB.
System memory in use after: 57.3 MB.

Unloading 4 unused Assets to reduce memory usage. Loaded Objects now: 1573.
Total: 2.210300 ms (FindLiveObjects: 0.191700 ms CreateObjectMapping: 0.128400 ms MarkObjects: 1.869900 ms  DeleteObjects: 0.018600 ms)

========================================================================
Received Prepare
Platform WindowsStandaloneSupport does not support graphics device type 

Registering precompiled user dll's ...
Registered in 0.001188 seconds.
Begin MonoManager ReloadAssembly
Native extension for WindowsStandalone target not found
Refreshing native plugins compatible for Editor in 0.33 ms, found 0 plugins.
Preloading 0 native plugins for Editor in 0.00 ms.
Invoked RoslynAnalysisRunner static constructor.
RoslynAnalysisRunner will not be running.
RoslynAnalysisRunner has terminated.
Mono: successfully reloaded assembly
- Completed reload, in  2.246 seconds
Platform modules already initialized, skipping
Refreshing native plugins compatible for Editor in 0.41 ms, found 0 plugins.
Preloading 0 native plugins for Editor in 0.00 ms.
Unloading 1118 Unused Serialized files (Serialized files now loaded: 0)
System memory in use before: 57.2 MB.
System memory in use after: 57.3 MB.

Unloading 4 unused Assets to reduce memory usage. Loaded Objects now: 1576.
Total: 1.904200 ms (FindLiveObjects: 0.189500 ms CreateObjectMapping: 0.088300 ms MarkObjects: 1.597500 ms  DeleteObjects: 0.027400 ms)

========================================================================
Received Prepare
Platform WindowsStandaloneSupport does not support graphics device type 

Registering precompiled user dll's ...
Registered in 0.000982 seconds.
Begin MonoManager ReloadAssembly
Native extension for WindowsStandalone target not found
Refreshing native plugins compatible for Editor in 0.25 ms, found 0 plugins.
Preloading 0 native plugins for Editor in 0.00 ms.
Invoked RoslynAnalysisRunner static constructor.
RoslynAnalysisRunner will not be running.
RoslynAnalysisRunner has terminated.
Mono: successfully reloaded assembly
- Completed reload, in  1.121 seconds
Platform modules already initialized, skipping
Refreshing native plugins compatible for Editor in 0.31 ms, found 0 plugins.
Preloading 0 native plugins for Editor in 0.00 ms.
Unloading 1118 Unused Serialized files (Serialized files now loaded: 0)
System memory in use before: 57.2 MB.
System memory in use after: 57.3 MB.

Unloading 4 unused Assets to reduce memory usage. Loaded Objects now: 1579.
Total: 1.778000 ms (FindLiveObjects: 0.150400 ms CreateObjectMapping: 0.043700 ms MarkObjects: 1.565800 ms  DeleteObjects: 0.016700 ms)

AssetImportWorkerClient::OnTransportError - code=2 error=End of file
